2019-07-05 09:41:48,014 INFO  [org.jboss.modules] (main) JBoss Modules version 1.9.0.Final
2019-07-05 09:41:48,658 INFO  [org.jboss.msc] (main) JBoss MSC version 1.4.5.Final
2019-07-05 09:41:48,670 INFO  [org.jboss.threads] (main) JBoss Threads version 2.3.3.Final
2019-07-05 09:41:48,872 INFO  [org.jboss.as] (MSC service thread 1-3) WFLYSRV0049: WildFly Full 16.0.0.Final (WildFly Core 8.0.0.Final) starting
2019-07-05 09:41:48,874 DEBUG [org.jboss.as.config] (MSC service thread 1-3) Configured system properties:
	[Standalone] = 
	awt.toolkit = sun.awt.X11.XToolkit
	file.encoding = UTF-8
	file.encoding.pkg = sun.io
	file.separator = /
	java.awt.graphicsenv = sun.awt.X11GraphicsEnvironment
	java.awt.headless = true
	java.awt.printerjob = sun.print.PSPrinterJob
	java.class.path = /home/user/courses/NetworkConfigurationService/tools/wildfly/jboss-modules.jar
	java.class.version = 52.0
	java.endorsed.dirs = /usr/lib/jvm/java-8-openjdk-amd64/jre/lib/endorsed
	java.ext.dirs = /usr/lib/jvm/java-8-openjdk-amd64/jre/lib/ext:/usr/java/packages/lib/ext
	java.home = /usr/lib/jvm/java-8-openjdk-amd64/jre
	java.io.tmpdir = /tmp
	java.library.path = /usr/java/packages/lib/amd64:/usr/lib/x86_64-linux-gnu/jni:/lib/x86_64-linux-gnu:/usr/lib/x86_64-linux-gnu:/usr/lib/jni:/lib:/usr/lib
	java.net.preferIPv4Stack = true
	java.runtime.name = OpenJDK Runtime Environment
	java.runtime.version = 1.8.0_212-8u212-b03-0ubuntu1.18.04.1-b03
	java.specification.name = Java Platform API Specification
	java.specification.vendor = Oracle Corporation
	java.specification.version = 1.8
	java.util.logging.manager = org.jboss.logmanager.LogManager
	java.vendor = Oracle Corporation
	java.vendor.url = http://java.oracle.com/
	java.vendor.url.bug = http://bugreport.sun.com/bugreport/
	java.version = 1.8.0_212
	java.vm.info = mixed mode
	java.vm.name = OpenJDK 64-Bit Server VM
	java.vm.specification.name = Java Virtual Machine Specification
	java.vm.specification.vendor = Oracle Corporation
	java.vm.specification.version = 1.8
	java.vm.vendor = Oracle Corporation
	java.vm.version = 25.212-b03
	javax.management.builder.initial = org.jboss.as.jmx.PluggableMBeanServerBuilder
	jboss.home.dir = /home/user/courses/NetworkConfigurationService/tools/wildfly
	jboss.host.name = docker-virtualbox
	jboss.modules.dir = /home/user/courses/NetworkConfigurationService/tools/wildfly/modules
	jboss.modules.system.pkgs = org.jboss.byteman
	jboss.node.name = docker-virtualbox
	jboss.qualified.host.name = docker-virtualbox
	jboss.server.base.dir = /home/user/courses/NetworkConfigurationService/tools/wildfly/standalone
	jboss.server.config.dir = /home/user/courses/NetworkConfigurationService/tools/wildfly/standalone/configuration
	jboss.server.data.dir = /home/user/courses/NetworkConfigurationService/tools/wildfly/standalone/data
	jboss.server.deploy.dir = /home/user/courses/NetworkConfigurationService/tools/wildfly/standalone/data/content
	jboss.server.log.dir = /home/user/courses/NetworkConfigurationService/tools/wildfly/standalone/log
	jboss.server.name = docker-virtualbox
	jboss.server.persist.config = true
	jboss.server.temp.dir = /home/user/courses/NetworkConfigurationService/tools/wildfly/standalone/tmp
	line.separator = 

	logging.configuration = file:/home/user/courses/NetworkConfigurationService/tools/wildfly/standalone/configuration/logging.properties
	module.path = /home/user/courses/NetworkConfigurationService/tools/wildfly/modules
	org.jboss.boot.log.file = /home/user/courses/NetworkConfigurationService/tools/wildfly/standalone/log/server.log
	org.jboss.resolver.warning = true
	os.arch = amd64
	os.name = Linux
	os.version = 4.18.0-25-generic
	path.separator = :
	sun.arch.data.model = 64
	sun.boot.class.path = /usr/lib/jvm/java-8-openjdk-amd64/jre/lib/resources.jar:/usr/lib/jvm/java-8-openjdk-amd64/jre/lib/rt.jar:/usr/lib/jvm/java-8-openjdk-amd64/jre/lib/sunrsasign.jar:/usr/lib/jvm/java-8-openjdk-amd64/jre/lib/jsse.jar:/usr/lib/jvm/java-8-openjdk-amd64/jre/lib/jce.jar:/usr/lib/jvm/java-8-openjdk-amd64/jre/lib/charsets.jar:/usr/lib/jvm/java-8-openjdk-amd64/jre/lib/jfr.jar:/usr/lib/jvm/java-8-openjdk-amd64/jre/classes
	sun.boot.library.path = /usr/lib/jvm/java-8-openjdk-amd64/jre/lib/amd64
	sun.cpu.endian = little
	sun.cpu.isalist = 
	sun.desktop = gnome
	sun.io.unicode.encoding = UnicodeLittle
	sun.java.command = /home/user/courses/NetworkConfigurationService/tools/wildfly/jboss-modules.jar -mp /home/user/courses/NetworkConfigurationService/tools/wildfly/modules org.jboss.as.standalone -Djboss.home.dir=/home/user/courses/NetworkConfigurationService/tools/wildfly -Djboss.server.base.dir=/home/user/courses/NetworkConfigurationService/tools/wildfly/standalone
	sun.java.launcher = SUN_STANDARD
	sun.jnu.encoding = UTF-8
	sun.management.compiler = HotSpot 64-Bit Tiered Compilers
	sun.os.patch.level = unknown
	user.country = GB
	user.dir = /home/user/courses/NetworkConfigurationService
	user.home = /home/user
	user.language = en
	user.name = user
	user.timezone = Europe/London
2019-07-05 09:41:48,879 DEBUG [org.jboss.as.config] (MSC service thread 1-3) VM Arguments: -D[Standalone] -Xms64m -Xmx512m -XX:MetaspaceSize=96M -XX:MaxMetaspaceSize=256m -Djava.net.preferIPv4Stack=true -Djboss.modules.system.pkgs=org.jboss.byteman -Djava.awt.headless=true -Dorg.jboss.boot.log.file=/home/user/courses/NetworkConfigurationService/tools/wildfly/standalone/log/server.log -Dlogging.configuration=file:/home/user/courses/NetworkConfigurationService/tools/wildfly/standalone/configuration/logging.properties 
2019-07-05 09:41:50,105 INFO  [org.wildfly.security] (ServerService Thread Pool -- 25) ELY00001: WildFly Elytron version 1.8.0.Final
2019-07-05 09:41:50,886 INFO  [org.jboss.as.controller.management-deprecated] (Controller Boot Thread) WFLYCTL0028: Attribute 'security-realm' in the resource at address '/core-service=management/management-interface=http-interface' is deprecated, and may be removed in a future version. See the attribute description in the output of the read-resource-description operation to learn more about the deprecation.
2019-07-05 09:41:50,970 INFO  [org.jboss.as.controller.management-deprecated] (ServerService Thread Pool -- 35) WFLYCTL0028: Attribute 'security-realm' in the resource at address '/subsystem=undertow/server=default-server/https-listener=https' is deprecated, and may be removed in a future version. See the attribute description in the output of the read-resource-description operation to learn more about the deprecation.
2019-07-05 09:41:51,122 INFO  [org.jboss.as.server] (Controller Boot Thread) WFLYSRV0039: Creating http management service using socket-binding (management-http)
2019-07-05 09:41:51,138 INFO  [org.xnio] (MSC service thread 1-1) XNIO version 3.6.5.Final
2019-07-05 09:41:51,147 INFO  [org.xnio.nio] (MSC service thread 1-1) XNIO NIO Implementation Version 3.6.5.Final
2019-07-05 09:41:51,238 INFO  [org.jboss.remoting] (MSC service thread 1-4) JBoss Remoting version 5.0.8.Final
2019-07-05 09:41:51,333 INFO  [org.jboss.as.clustering.infinispan] (ServerService Thread Pool -- 49) WFLYCLINF0001: Activating Infinispan subsystem.
2019-07-05 09:41:51,364 INFO  [org.wildfly.extension.io] (ServerService Thread Pool -- 50) WFLYIO001: Worker 'default' has auto-configured to 4 core threads with 32 task threads based on your 2 available processors
2019-07-05 09:41:51,391 INFO  [org.jboss.as.jaxrs] (ServerService Thread Pool -- 51) WFLYRS0016: RESTEasy version 3.6.3.Final
2019-07-05 09:41:51,503 INFO  [org.jboss.as.naming] (ServerService Thread Pool -- 62) WFLYNAM0001: Activating Naming Subsystem
2019-07-05 09:41:51,506 WARN  [org.jboss.as.txn] (ServerService Thread Pool -- 70) WFLYTX0013: The node-identifier attribute on the /subsystem=transactions is set to the default value. This is a danger for environments running multiple servers. Please make sure the attribute value is unique.
2019-07-05 09:41:51,501 INFO  [org.jboss.as.jsf] (ServerService Thread Pool -- 56) WFLYJSF0007: Activated the following JSF Implementations: [main]
2019-07-05 09:41:51,538 INFO  [org.wildfly.extension.microprofile.metrics.smallrye] (ServerService Thread Pool -- 60) WFLYMETRICS0001: Activating Eclipse MicroProfile Metrics Subsystem
2019-07-05 09:41:51,542 INFO  [org.wildfly.extension.microprofile.config.smallrye._private] (ServerService Thread Pool -- 58) WFLYCONF0001: Activating WildFly MicroProfile Config Subsystem
2019-07-05 09:41:51,549 INFO  [org.jboss.as.security] (ServerService Thread Pool -- 68) WFLYSEC0002: Activating Security Subsystem
2019-07-05 09:41:51,539 INFO  [org.wildfly.extension.microprofile.opentracing] (ServerService Thread Pool -- 61) WFLYTRACEXT0001: Activating MicroProfile OpenTracing Subsystem
2019-07-05 09:41:51,539 INFO  [org.wildfly.extension.microprofile.health.smallrye] (ServerService Thread Pool -- 59) WFLYHEALTH0001: Activating Eclipse MicroProfile Health Subsystem
2019-07-05 09:41:51,542 INFO  [org.jboss.as.mail.extension] (MSC service thread 1-4) WFLYMAIL0002: Unbound mail session [java:jboss/mail/Default]
2019-07-05 09:41:51,566 INFO  [org.jboss.as.webservices] (ServerService Thread Pool -- 72) WFLYWS0002: Activating WebServices Extension
2019-07-05 09:41:51,839 INFO  [org.jboss.as.connector.subsystems.datasources] (ServerService Thread Pool -- 42) WFLYJCA0004: Deploying JDBC-compliant driver class org.h2.Driver (version 1.4)
2019-07-05 09:41:51,864 INFO  [org.jboss.as.security] (MSC service thread 1-4) WFLYSEC0001: Current PicketBox version=5.0.3.Final
2019-07-05 09:41:51,907 INFO  [org.jboss.as.connector] (MSC service thread 1-2) WFLYJCA0009: Starting JCA Subsystem (WildFly/IronJacamar 1.4.12.Final)
2019-07-05 09:41:51,901 INFO  [org.jboss.as.naming] (MSC service thread 1-3) WFLYNAM0003: Starting Naming Service
2019-07-05 09:41:51,976 INFO  [io.smallrye.metrics] (MSC service thread 1-1) Converted [2] config entries and added [4] replacements
2019-07-05 09:41:52,019 INFO  [io.smallrye.metrics] (MSC service thread 1-1) Converted [3] config entries and added [14] replacements
2019-07-05 09:41:52,081 INFO  [org.wildfly.extension.undertow] (MSC service thread 1-1) WFLYUT0003: Undertow 2.0.19.Final starting
2019-07-05 09:41:52,136 INFO  [org.jboss.as.mail.extension] (MSC service thread 1-2) WFLYMAIL0001: Bound mail session [java:jboss/mail/Default]
2019-07-05 09:41:52,184 INFO  [org.jboss.as.connector.subsystems.datasources] (MSC service thread 1-1) WFLYJCA0010: Unbound data source [java:/DerbyDS]
2019-07-05 09:41:52,231 INFO  [org.jboss.as.connector.subsystems.datasources] (MSC service thread 1-2) WFLYJCA0010: Unbound data source [java:jboss/datasources/ExampleDS]
2019-07-05 09:41:52,232 INFO  [org.jboss.as.connector.deployers.jdbc] (MSC service thread 1-2) WFLYJCA0018: Started Driver service with driver-name = h2
2019-07-05 09:41:52,235 INFO  [org.jboss.as.ejb3] (MSC service thread 1-3) WFLYEJB0481: Strict pool slsb-strict-max-pool is using a max instance size of 32 (per class), which is derived from thread worker pool sizing.
2019-07-05 09:41:52,235 INFO  [org.jboss.as.ejb3] (MSC service thread 1-1) WFLYEJB0482: Strict pool mdb-strict-max-pool is using a max instance size of 8 (per class), which is derived from the number of CPUs on this host.
2019-07-05 09:41:52,268 INFO  [org.wildfly.extension.undertow] (ServerService Thread Pool -- 71) WFLYUT0014: Creating file handler for path '/home/user/courses/NetworkConfigurationService/tools/wildfly/welcome-content' with options [directory-listing: 'false', follow-symlink: 'false', case-sensitive: 'true', safe-symlink-paths: '[]']
2019-07-05 09:41:52,514 INFO  [org.wildfly.extension.undertow] (MSC service thread 1-1) WFLYUT0012: Started server default-server.
2019-07-05 09:41:52,515 INFO  [org.wildfly.extension.undertow] (MSC service thread 1-1) WFLYUT0018: Host default-host starting
2019-07-05 09:41:52,704 INFO  [org.wildfly.extension.undertow] (MSC service thread 1-1) WFLYUT0006: Undertow HTTP listener default listening on 127.0.0.1:8080
2019-07-05 09:41:52,740 INFO  [com.arjuna.ats.jbossatx] (MSC service thread 1-4) ARJUNA032010: JBossTS Recovery Service (tag: 8172a) - JBoss Inc.
2019-07-05 09:41:52,928 INFO  [com.arjuna.ats.jbossatx] (MSC service thread 1-4) ARJUNA032013: Starting transaction recovery manager
2019-07-05 09:41:52,972 INFO  [com.arjuna.ats.jbossatx] (MSC service thread 1-1) ARJUNA032017: JBossTS Transaction Service (JTA version - tag: 8172a) - JBoss Inc.
2019-07-05 09:41:53,065 INFO  [org.jboss.as.ejb3] (MSC service thread 1-1) WFLYEJB0493: EJB subsystem suspension complete
2019-07-05 09:41:53,217 INFO  [org.jboss.as.connector.subsystems.datasources] (MSC service thread 1-4) WFLYJCA0001: Bound data source [java:jboss/datasources/ExampleDS]
2019-07-05 09:41:53,373 INFO  [org.jboss.as.patching] (MSC service thread 1-1) WFLYPAT0050: WildFly Full cumulative patch ID is: base, one-off patches include: none
2019-07-05 09:41:53,441 WARN  [org.jboss.as.domain.management.security] (MSC service thread 1-4) WFLYDM0111: Keystore /home/user/courses/NetworkConfigurationService/tools/wildfly/standalone/configuration/application.keystore not found, it will be auto generated on first use with a self signed certificate for host localhost
